<?xml version="1.0" encoding="UTF-8" standalone="no"?>
<testsuite failures="0" name="cucumber.runtime.formatter.JUnitFormatter" skipped="0" tests="3" time="49.408236">
<testcase classname="Free CRM Login Feature" name="Free CRM Login Test Scenario" time="11.579321">
<system-out><![CDATA[Given user is already on Login Page.........................................passed
When title of login page is Free CRM........................................passed
Then user enters "ktm000" and user enters "qazwsx"..........................passed
Then user clicks on login button............................................passed
Then user is on home page...................................................passed
Then close the browser......................................................passed
]]></system-out>
</testcase>
<testcase classname="Free CRM Login Feature" name="user can create new contact" time="18.616346">
<system-out><![CDATA[Given user "ktm000" "qazwsx" is already on Home Page........................passed
When user hover over contacts link..........................................passed
Then user clicks on New Contact link........................................passed
Then user enters "Mrs.", "aa1" and "bb2" Names..............................passed
Then user clicks on Save Btn................................................passed
Then verify new contact "aa1" and "bb2" created.............................passed
Then tear down..............................................................passed
]]></system-out>
</testcase>
<testcase classname="Free CRM Login Feature" name="user can create new contact 2" time="19.212569">
<system-out><![CDATA[Given user "ktm000" "qazwsx" is already on Home Page........................passed
When user hover over contacts link..........................................passed
Then user clicks on New Contact link........................................passed
Then user enters "Dr.", "cc1" and "dd2" Names...............................passed
Then user clicks on Save Btn................................................passed
Then verify new contact "cc1" and "dd2" created.............................passed
Then tear down..............................................................passed
]]></system-out>
</testcase>
</testsuite>
